This file contains any messages produced by compilers while
running configure, to aid debugging if configure makes a mistake.

It was created by librdam configure 1.0, which was
generated by GNU Autoconf 2.69.  Invocation command line was

  $ ./configure --prefix=/home/chao/git_repos/deneva//deps/librdma-0.9.0-install/ --no-create --no-recursion

## --------- ##
## Platform. ##
## --------- ##

hostname = seele
uname -m = x86_64
uname -r = 3.10.0-693.17.1.el7.x86_64
uname -s = Linux
uname -v = #1 SMP Thu Jan 25 20:13:58 UTC 2018

/usr/bin/uname -p = x86_64
/bin/uname -X     = unknown

/bin/arch              = x86_64
/usr/bin/arch -k       = unknown
/usr/convex/getsysinfo = unknown
/usr/bin/hostinfo      = unknown
/bin/machine           = unknown
/usr/bin/oslevel       = unknown
/bin/universe          = unknown

PATH: /home/chao/git_repos/julia
PATH: /home/chao/anaconda2/bin
PATH: /home/chao/git_repos/wukong//deps/hwloc-1.11.7-install/bin
PATH: /usr/local/cuda/bin/
PATH: /home/chao/install/cmake-3.7.1-Linux-x86_64/bin/
PATH: /home/chao/git_repos/pin/
PATH: /opt/xcat/bin
PATH: /opt/xcat/sbin
PATH: /opt/xcat/share/xcat/tools
PATH: /home/chao/git_repos/julia
PATH: /home/chao/anaconda2/bin
PATH: /home/chao/git_repos/wukong//deps/hwloc-1.11.7-install/bin
PATH: /usr/local/cuda/bin/
PATH: /home/chao/install/cmake-3.7.1-Linux-x86_64/bin/
PATH: /home/chao/git_repos/pin/
PATH: /opt/xcat/bin
PATH: /opt/xcat/sbin
PATH: /opt/xcat/share/xcat/tools
PATH: /usr/local/bin
PATH: /usr/bin
PATH: /usr/local/sbin
PATH: /usr/sbin
PATH: /opt/ibutils/bin
PATH: /opt/scylladb/bin
PATH: /opt/scylladb/sbin
PATH: /home/chao/.local/bin
PATH: /home/chao/bin
PATH: /opt/scylladb/bin
PATH: /opt/scylladb/sbin
PATH: /home/chao/.local/bin
PATH: /home/chao/bin


## ----------- ##
## Core tests. ##
## ----------- ##

configure:2505: checking for a BSD-compatible install
configure:2573: result: /usr/bin/install -c
configure:2584: checking whether build environment is sane
configure:2639: result: yes
configure:2790: checking for a thread-safe mkdir -p
configure:2829: result: /usr/bin/mkdir -p
configure:2836: checking for gawk
configure:2852: found /usr/bin/gawk
configure:2863: result: gawk
configure:2874: checking whether make sets $(MAKE)
configure:2896: result: yes
configure:2925: checking whether make supports nested variables
configure:2942: result: yes
configure:3090: checking for g++
configure:3106: found /usr/bin/g++
configure:3117: result: g++
configure:3144: checking for C++ compiler version
configure:3153: g++ --version >&5
g++ (GCC) 4.8.5 20150623 (Red Hat 4.8.5-28)
Copyright (C) 2015 Free Software Foundation, Inc.
This is free software; see the source for copying conditions.  There is NO
warranty; not even for MERCHANTABILITY or FITNESS FOR A PARTICULAR PURPOSE.

configure:3164: $? = 0
configure:3153: g++ -v >&5
Using built-in specs.
COLLECT_GCC=g++
COLLECT_LTO_WRAPPER=/usr/libexec/gcc/x86_64-redhat-linux/4.8.5/lto-wrapper
Target: x86_64-redhat-linux
Configured with: ../configure --prefix=/usr --mandir=/usr/share/man --infodir=/usr/share/info --with-bugurl=http://bugzilla.redhat.com/bugzilla --enable-bootstrap --enable-shared --enable-threads=posix --enable-checking=release --with-system-zlib --enable-__cxa_atexit --disable-libunwind-exceptions --enable-gnu-unique-object --enable-linker-build-id --with-linker-hash-style=gnu --enable-languages=c,c++,objc,obj-c++,java,fortran,ada,go,lto --enable-plugin --enable-initfini-array --disable-libgcj --with-isl=/builddir/build/BUILD/gcc-4.8.5-20150702/obj-x86_64-redhat-linux/isl-install --with-cloog=/builddir/build/BUILD/gcc-4.8.5-20150702/obj-x86_64-redhat-linux/cloog-install --enable-gnu-indirect-function --with-tune=generic --with-arch_32=x86-64 --build=x86_64-redhat-linux
Thread model: posix
gcc version 4.8.5 20150623 (Red Hat 4.8.5-28) (GCC) 
configure:3164: $? = 0
configure:3153: g++ -V >&5
g++: error: unrecognized command line option '-V'
g++: fatal error: no input files
compilation terminated.
configure:3164: $? = 4
configure:3153: g++ -qversion >&5
g++: error: unrecognized command line option '-qversion'
g++: fatal error: no input files
compilation terminated.
configure:3164: $? = 4
configure:3184: checking whether the C++ compiler works
configure:3206: g++    conftest.cpp  >&5
configure:3210: $? = 0
configure:3258: result: yes
configure:3261: checking for C++ compiler default output file name
configure:3263: result: a.out
configure:3269: checking for suffix of executables
configure:3276: g++ -o conftest    conftest.cpp  >&5
configure:3280: $? = 0
configure:3302: result: 
configure:3324: checking whether we are cross compiling
configure:3332: g++ -o conftest    conftest.cpp  >&5
configure:3336: $? = 0
configure:3343: ./conftest
configure:3347: $? = 0
configure:3362: result: no
configure:3367: checking for suffix of object files
configure:3389: g++ -c   conftest.cpp >&5
configure:3393: $? = 0
configure:3414: result: o
configure:3418: checking whether we are using the GNU C++ compiler
configure:3437: g++ -c   conftest.cpp >&5
configure:3437: $? = 0
configure:3446: result: yes
configure:3455: checking whether g++ accepts -g
configure:3475: g++ -c -g  conftest.cpp >&5
configure:3475: $? = 0
configure:3516: result: yes
configure:3550: checking for style of include used by make
configure:3578: result: GNU
configure:3604: checking dependency style of g++
configure:3715: result: gcc3
configure:3778: checking for gcc
configure:3794: found /usr/bin/gcc
configure:3805: result: gcc
configure:4034: checking for C compiler version
configure:4043: gcc --version >&5
gcc (GCC) 4.8.5 20150623 (Red Hat 4.8.5-28)
Copyright (C) 2015 Free Software Foundation, Inc.
This is free software; see the source for copying conditions.  There is NO
warranty; not even for MERCHANTABILITY or FITNESS FOR A PARTICULAR PURPOSE.

configure:4054: $? = 0
configure:4043: gcc -v >&5
Using built-in specs.
COLLECT_GCC=gcc
COLLECT_LTO_WRAPPER=/usr/libexec/gcc/x86_64-redhat-linux/4.8.5/lto-wrapper
Target: x86_64-redhat-linux
Configured with: ../configure --prefix=/usr --mandir=/usr/share/man --infodir=/usr/share/info --with-bugurl=http://bugzilla.redhat.com/bugzilla --enable-bootstrap --enable-shared --enable-threads=posix --enable-checking=release --with-system-zlib --enable-__cxa_atexit --disable-libunwind-exceptions --enable-gnu-unique-object --enable-linker-build-id --with-linker-hash-style=gnu --enable-languages=c,c++,objc,obj-c++,java,fortran,ada,go,lto --enable-plugin --enable-initfini-array --disable-libgcj --with-isl=/builddir/build/BUILD/gcc-4.8.5-20150702/obj-x86_64-redhat-linux/isl-install --with-cloog=/builddir/build/BUILD/gcc-4.8.5-20150702/obj-x86_64-redhat-linux/cloog-install --enable-gnu-indirect-function --with-tune=generic --with-arch_32=x86-64 --build=x86_64-redhat-linux
Thread model: posix
gcc version 4.8.5 20150623 (Red Hat 4.8.5-28) (GCC) 
configure:4054: $? = 0
configure:4043: gcc -V >&5
gcc: error: unrecognized command line option '-V'
gcc: fatal error: no input files
compilation terminated.
configure:4054: $? = 4
configure:4043: gcc -qversion >&5
gcc: error: unrecognized command line option '-qversion'
gcc: fatal error: no input files
compilation terminated.
configure:4054: $? = 4
configure:4058: checking whether we are using the GNU C compiler
configure:4077: gcc -c   conftest.c >&5
configure:4077: $? = 0
configure:4086: result: yes
configure:4095: checking whether gcc accepts -g
configure:4115: gcc -c -g  conftest.c >&5
configure:4115: $? = 0
configure:4156: result: yes
configure:4173: checking for gcc option to accept ISO C89
configure:4236: gcc  -c -g -O2  conftest.c >&5
configure:4236: $? = 0
configure:4249: result: none needed
configure:4271: checking dependency style of gcc
configure:4382: result: gcc3
configure:4428: checking build system type
configure:4442: result: x86_64-pc-linux-gnu
configure:4462: checking host system type
configure:4475: result: x86_64-pc-linux-gnu
configure:4516: checking how to print strings
configure:4543: result: printf
configure:4564: checking for a sed that does not truncate output
configure:4628: result: /usr/bin/sed
configure:4646: checking for grep that handles long lines and -e
configure:4704: result: /usr/bin/grep
configure:4709: checking for egrep
configure:4771: result: /usr/bin/grep -E
configure:4776: checking for fgrep
configure:4838: result: /usr/bin/grep -F
configure:4873: checking for ld used by gcc
configure:4940: result: /usr/bin/ld
configure:4947: checking if the linker (/usr/bin/ld) is GNU ld
configure:4962: result: yes
configure:4974: checking for BSD- or MS-compatible name lister (nm)
configure:5028: result: /usr/bin/nm -B
configure:5158: checking the name lister (/usr/bin/nm -B) interface
configure:5165: gcc -c -g -O2  conftest.c >&5
configure:5168: /usr/bin/nm -B "conftest.o"
configure:5171: output
0000000000000000 B some_variable
configure:5178: result: BSD nm
configure:5181: checking whether ln -s works
configure:5185: result: yes
configure:5193: checking the maximum length of command line arguments
configure:5324: result: 1572864
configure:5372: checking how to convert x86_64-pc-linux-gnu file names to x86_64-pc-linux-gnu format
configure:5412: result: func_convert_file_noop
configure:5419: checking how to convert x86_64-pc-linux-gnu file names to toolchain format
configure:5439: result: func_convert_file_noop
configure:5446: checking for /usr/bin/ld option to reload object files
configure:5453: result: -r
configure:5527: checking for objdump
configure:5543: found /usr/bin/objdump
configure:5554: result: objdump
configure:5586: checking how to recognize dependent libraries
configure:5786: result: pass_all
configure:5871: checking for dlltool
configure:5901: result: no
configure:5931: checking how to associate runtime and link libraries
configure:5958: result: printf %s\n
configure:6019: checking for ar
configure:6035: found /usr/bin/ar
configure:6046: result: ar
configure:6083: checking for archiver @FILE support
configure:6100: gcc -c -g -O2  conftest.c >&5
configure:6100: $? = 0
configure:6103: ar cru libconftest.a @conftest.lst >&5
configure:6106: $? = 0
configure:6111: ar cru libconftest.a @conftest.lst >&5
ar: conftest.o: No such file or directory
configure:6114: $? = 1
configure:6126: result: @
configure:6184: checking for strip
configure:6200: found /usr/bin/strip
configure:6211: result: strip
configure:6283: checking for ranlib
configure:6299: found /usr/bin/ranlib
configure:6310: result: ranlib
configure:6412: checking command to parse /usr/bin/nm -B output from gcc object
configure:6565: gcc -c -g -O2  conftest.c >&5
configure:6568: $? = 0
configure:6572: /usr/bin/nm -B conftest.o \| sed -n -e 's/^.*[ ]\([ABCDGIRSTW][ABCDGIRSTW]*\)[ ][ ]*\([_A-Za-z][_A-Za-z0-9]*\)$/\1 \2 \2/p' | sed '/ __gnu_lto/d' \> conftest.nm
configure:6575: $? = 0
configure:6641: gcc -o conftest -g -O2   conftest.c conftstm.o >&5
configure:6644: $? = 0
configure:6682: result: ok
configure:6729: checking for sysroot
configure:6759: result: no
configure:6766: checking for a working dd
configure:6804: result: /usr/bin/dd
configure:6808: checking how to truncate binary pipes
configure:6823: result: /usr/bin/dd bs=4096 count=1
configure:6959: gcc -c -g -O2  conftest.c >&5
configure:6962: $? = 0
configure:7152: checking for mt
configure:7182: result: no
configure:7202: checking if : is a manifest tool
configure:7208: : '-?'
configure:7216: result: no
configure:7893: checking how to run the C preprocessor
configure:7924: gcc -E  conftest.c
configure:7924: $? = 0
configure:7938: gcc -E  conftest.c
conftest.c:11:28: fatal error: ac_nonexistent.h: No such file or directory
 #include <ac_nonexistent.h>
                            ^
compilation terminated.
configure:7938: $? = 1
configure: failed program was:
| /* confdefs.h */
| #define PACKAGE_NAME "librdam"
| #define PACKAGE_TARNAME "librdam"
| #define PACKAGE_VERSION "1.0"
| #define PACKAGE_STRING "librdam 1.0"
| #define PACKAGE_BUGREPORT "windybeing@sjtu.edu.cn"
| #define PACKAGE_URL ""
| #define PACKAGE "librdma"
| #define VERSION "1.0"
| /* end confdefs.h.  */
| #include <ac_nonexistent.h>
configure:7963: result: gcc -E
configure:7983: gcc -E  conftest.c
configure:7983: $? = 0
configure:7997: gcc -E  conftest.c
conftest.c:11:28: fatal error: ac_nonexistent.h: No such file or directory
 #include <ac_nonexistent.h>
                            ^
compilation terminated.
configure:7997: $? = 1
configure: failed program was:
| /* confdefs.h */
| #define PACKAGE_NAME "librdam"
| #define PACKAGE_TARNAME "librdam"
| #define PACKAGE_VERSION "1.0"
| #define PACKAGE_STRING "librdam 1.0"
| #define PACKAGE_BUGREPORT "windybeing@sjtu.edu.cn"
| #define PACKAGE_URL ""
| #define PACKAGE "librdma"
| #define VERSION "1.0"
| /* end confdefs.h.  */
| #include <ac_nonexistent.h>
configure:8026: checking for ANSI C header files
configure:8046: gcc -c -g -O2  conftest.c >&5
configure:8046: $? = 0
configure:8119: gcc -o conftest -g -O2   conftest.c  >&5
configure:8119: $? = 0
configure:8119: ./conftest
configure:8119: $? = 0
configure:8130: result: yes
configure:8143: checking for sys/types.h
configure:8143: gcc -c -g -O2  conftest.c >&5
configure:8143: $? = 0
configure:8143: result: yes
configure:8143: checking for sys/stat.h
configure:8143: gcc -c -g -O2  conftest.c >&5
configure:8143: $? = 0
configure:8143: result: yes
configure:8143: checking for stdlib.h
configure:8143: gcc -c -g -O2  conftest.c >&5
configure:8143: $? = 0
configure:8143: result: yes
configure:8143: checking for string.h
configure:8143: gcc -c -g -O2  conftest.c >&5
configure:8143: $? = 0
configure:8143: result: yes
configure:8143: checking for memory.h
configure:8143: gcc -c -g -O2  conftest.c >&5
configure:8143: $? = 0
configure:8143: result: yes
configure:8143: checking for strings.h
configure:8143: gcc -c -g -O2  conftest.c >&5
configure:8143: $? = 0
configure:8143: result: yes
configure:8143: checking for inttypes.h
configure:8143: gcc -c -g -O2  conftest.c >&5
configure:8143: $? = 0
configure:8143: result: yes
configure:8143: checking for stdint.h
configure:8143: gcc -c -g -O2  conftest.c >&5
configure:8143: $? = 0
configure:8143: result: yes
configure:8143: checking for unistd.h
configure:8143: gcc -c -g -O2  conftest.c >&5
configure:8143: $? = 0
configure:8143: result: yes
configure:8157: checking for dlfcn.h
configure:8157: gcc -c -g -O2  conftest.c >&5
configure:8157: $? = 0
configure:8157: result: yes
configure:8424: checking for objdir
configure:8439: result: .libs
configure:8703: checking if gcc supports -fno-rtti -fno-exceptions
configure:8721: gcc -c -g -O2  -fno-rtti -fno-exceptions conftest.c >&5
cc1: warning: command line option '-fno-rtti' is valid for C++/ObjC++ but not for C [enabled by default]
configure:8725: $? = 0
configure:8738: result: no
configure:9096: checking for gcc option to produce PIC
configure:9103: result: -fPIC -DPIC
configure:9111: checking if gcc PIC flag -fPIC -DPIC works
configure:9129: gcc -c -g -O2  -fPIC -DPIC -DPIC conftest.c >&5
configure:9133: $? = 0
configure:9146: result: yes
configure:9175: checking if gcc static flag -static works
configure:9203: result: yes
configure:9218: checking if gcc supports -c -o file.o
configure:9239: gcc -c -g -O2  -o out/conftest2.o conftest.c >&5
configure:9243: $? = 0
configure:9265: result: yes
configure:9273: checking if gcc supports -c -o file.o
configure:9320: result: yes
configure:9353: checking whether the gcc linker (/usr/bin/ld -m elf_x86_64) supports shared libraries
configure:10616: result: yes
configure:10653: checking whether -lc should be explicitly linked in
configure:10661: gcc -c -g -O2  conftest.c >&5
configure:10664: $? = 0
configure:10679: gcc -shared  -fPIC -DPIC conftest.o  -v -Wl,-soname -Wl,conftest -o conftest 2\>\&1 \| /usr/bin/grep  -lc  \>/dev/null 2\>\&1
configure:10682: $? = 0
configure:10696: result: no
configure:10856: checking dynamic linker characteristics
configure:11437: gcc -o conftest -g -O2   -Wl,-rpath -Wl,/foo conftest.c  >&5
configure:11437: $? = 0
configure:11686: result: GNU/Linux ld.so
configure:11808: checking how to hardcode library paths into programs
configure:11833: result: immediate
configure:12381: checking whether stripping libraries is possible
configure:12386: result: yes
configure:12421: checking if libtool supports shared libraries
configure:12423: result: yes
configure:12426: checking whether to build shared libraries
configure:12451: result: yes
configure:12454: checking whether to build static libraries
configure:12458: result: yes
configure:12481: checking how to run the C++ preprocessor
configure:12508: g++ -E  conftest.cpp
configure:12508: $? = 0
configure:12522: g++ -E  conftest.cpp
conftest.cpp:23:28: fatal error: ac_nonexistent.h: No such file or directory
 #include <ac_nonexistent.h>
                            ^
compilation terminated.
configure:12522: $? = 1
configure: failed program was:
| /* confdefs.h */
| #define PACKAGE_NAME "librdam"
| #define PACKAGE_TARNAME "librdam"
| #define PACKAGE_VERSION "1.0"
| #define PACKAGE_STRING "librdam 1.0"
| #define PACKAGE_BUGREPORT "windybeing@sjtu.edu.cn"
| #define PACKAGE_URL ""
| #define PACKAGE "librdma"
| #define VERSION "1.0"
| #define STDC_HEADERS 1
| #define HAVE_SYS_TYPES_H 1
| #define HAVE_SYS_STAT_H 1
| #define HAVE_STDLIB_H 1
| #define HAVE_STRING_H 1
| #define HAVE_MEMORY_H 1
| #define HAVE_STRINGS_H 1
| #define HAVE_INTTYPES_H 1
| #define HAVE_STDINT_H 1
| #define HAVE_UNISTD_H 1
| #define HAVE_DLFCN_H 1
| #define LT_OBJDIR ".libs/"
| /* end confdefs.h.  */
| #include <ac_nonexistent.h>
configure:12547: result: g++ -E
configure:12567: g++ -E  conftest.cpp
configure:12567: $? = 0
configure:12581: g++ -E  conftest.cpp
conftest.cpp:23:28: fatal error: ac_nonexistent.h: No such file or directory
 #include <ac_nonexistent.h>
                            ^
compilation terminated.
configure:12581: $? = 1
configure: failed program was:
| /* confdefs.h */
| #define PACKAGE_NAME "librdam"
| #define PACKAGE_TARNAME "librdam"
| #define PACKAGE_VERSION "1.0"
| #define PACKAGE_STRING "librdam 1.0"
| #define PACKAGE_BUGREPORT "windybeing@sjtu.edu.cn"
| #define PACKAGE_URL ""
| #define PACKAGE "librdma"
| #define VERSION "1.0"
| #define STDC_HEADERS 1
| #define HAVE_SYS_TYPES_H 1
| #define HAVE_SYS_STAT_H 1
| #define HAVE_STDLIB_H 1
| #define HAVE_STRING_H 1
| #define HAVE_MEMORY_H 1
| #define HAVE_STRINGS_H 1
| #define HAVE_INTTYPES_H 1
| #define HAVE_STDINT_H 1
| #define HAVE_UNISTD_H 1
| #define HAVE_DLFCN_H 1
| #define LT_OBJDIR ".libs/"
| /* end confdefs.h.  */
| #include <ac_nonexistent.h>
configure:12743: checking for ld used by g++
configure:12810: result: /usr/bin/ld -m elf_x86_64
configure:12817: checking if the linker (/usr/bin/ld -m elf_x86_64) is GNU ld
configure:12832: result: yes
configure:12887: checking whether the g++ linker (/usr/bin/ld -m elf_x86_64) supports shared libraries
configure:13960: result: yes
configure:13996: g++ -c -g -O2  conftest.cpp >&5
configure:13999: $? = 0
configure:14480: checking for g++ option to produce PIC
configure:14487: result: -fPIC -DPIC
configure:14495: checking if g++ PIC flag -fPIC -DPIC works
configure:14513: g++ -c -g -O2  -fPIC -DPIC -DPIC conftest.cpp >&5
configure:14517: $? = 0
configure:14530: result: yes
configure:14553: checking if g++ static flag -static works
configure:14581: result: yes
configure:14593: checking if g++ supports -c -o file.o
configure:14614: g++ -c -g -O2  -o out/conftest2.o conftest.cpp >&5
configure:14618: $? = 0
configure:14640: result: yes
configure:14645: checking if g++ supports -c -o file.o
configure:14692: result: yes
configure:14722: checking whether the g++ linker (/usr/bin/ld -m elf_x86_64) supports shared libraries
configure:14765: result: yes
configure:14906: checking dynamic linker characteristics
configure:15663: result: GNU/Linux ld.so
configure:15728: checking how to hardcode library paths into programs
configure:15753: result: immediate
configure:15817: checking for main in -lpthread
configure:15836: gcc -o conftest -g -O2   conftest.c -lpthread   >&5
configure:15836: $? = 0
configure:15845: result: yes
configure:15861: checking malloc.h usability
configure:15861: gcc -c -g -O2  conftest.c >&5
configure:15861: $? = 0
configure:15861: result: yes
configure:15861: checking malloc.h presence
configure:15861: gcc -E  conftest.c
configure:15861: $? = 0
configure:15861: result: yes
configure:15861: checking for malloc.h
configure:15861: result: yes
configure:15861: checking stddef.h usability
configure:15861: gcc -c -g -O2  conftest.c >&5
configure:15861: $? = 0
configure:15861: result: yes
configure:15861: checking stddef.h presence
configure:15861: gcc -E  conftest.c
configure:15861: $? = 0
configure:15861: result: yes
configure:15861: checking for stddef.h
configure:15861: result: yes
configure:15861: checking for stdint.h
configure:15861: result: yes
configure:15861: checking for stdlib.h
configure:15861: result: yes
configure:15861: checking for string.h
configure:15861: result: yes
configure:15861: checking sys/time.h usability
configure:15861: gcc -c -g -O2  conftest.c >&5
configure:15861: $? = 0
configure:15861: result: yes
configure:15861: checking sys/time.h presence
configure:15861: gcc -E  conftest.c
configure:15861: $? = 0
configure:15861: result: yes
configure:15861: checking for sys/time.h
configure:15861: result: yes
configure:15861: checking for unistd.h
configure:15861: result: yes
configure:15873: checking for stdbool.h that conforms to C99
configure:15940: gcc -c -g -O2  conftest.c >&5
configure:15940: $? = 0
configure:15947: result: yes
configure:15949: checking for _Bool
configure:15949: gcc -c -g -O2  conftest.c >&5
configure:15949: $? = 0
configure:15949: gcc -c -g -O2  conftest.c >&5
conftest.c: In function 'main':
conftest.c:67:20: error: expected expression before ')' token
 if (sizeof ((_Bool)))
                    ^
configure:15949: $? = 1
configure: failed program was:
| /* confdefs.h */
| #define PACKAGE_NAME "librdam"
| #define PACKAGE_TARNAME "librdam"
| #define PACKAGE_VERSION "1.0"
| #define PACKAGE_STRING "librdam 1.0"
| #define PACKAGE_BUGREPORT "windybeing@sjtu.edu.cn"
| #define PACKAGE_URL ""
| #define PACKAGE "librdma"
| #define VERSION "1.0"
| #define STDC_HEADERS 1
| #define HAVE_SYS_TYPES_H 1
| #define HAVE_SYS_STAT_H 1
| #define HAVE_STDLIB_H 1
| #define HAVE_STRING_H 1
| #define HAVE_MEMORY_H 1
| #define HAVE_STRINGS_H 1
| #define HAVE_INTTYPES_H 1
| #define HAVE_STDINT_H 1
| #define HAVE_UNISTD_H 1
| #define HAVE_DLFCN_H 1
| #define LT_OBJDIR ".libs/"
| #define HAVE_LIBPTHREAD 1
| #define HAVE_MALLOC_H 1
| #define HAVE_STDDEF_H 1
| #define HAVE_STDINT_H 1
| #define HAVE_STDLIB_H 1
| #define HAVE_STRING_H 1
| #define HAVE_SYS_TIME_H 1
| #define HAVE_UNISTD_H 1
| /* end confdefs.h.  */
| #include <stdio.h>
| #ifdef HAVE_SYS_TYPES_H
| # include <sys/types.h>
| #endif
| #ifdef HAVE_SYS_STAT_H
| # include <sys/stat.h>
| #endif
| #ifdef STDC_HEADERS
| # include <stdlib.h>
| # include <stddef.h>
| #else
| # ifdef HAVE_STDLIB_H
| #  include <stdlib.h>
| # endif
| #endif
| #ifdef HAVE_STRING_H
| # if !defined STDC_HEADERS && defined HAVE_MEMORY_H
| #  include <memory.h>
| # endif
| # include <string.h>
| #endif
| #ifdef HAVE_STRINGS_H
| # include <strings.h>
| #endif
| #ifdef HAVE_INTTYPES_H
| # include <inttypes.h>
| #endif
| #ifdef HAVE_STDINT_H
| # include <stdint.h>
| #endif
| #ifdef HAVE_UNISTD_H
| # include <unistd.h>
| #endif
| int
| main ()
| {
| if (sizeof ((_Bool)))
| 	    return 0;
|   ;
|   return 0;
| }
configure:15949: result: yes
configure:15960: checking for inline
configure:15976: gcc -c -g -O2  conftest.c >&5
configure:15976: $? = 0
configure:15984: result: inline
configure:16002: checking for size_t
configure:16002: gcc -c -g -O2  conftest.c >&5
configure:16002: $? = 0
configure:16002: gcc -c -g -O2  conftest.c >&5
conftest.c: In function 'main':
conftest.c:68:21: error: expected expression before ')' token
 if (sizeof ((size_t)))
                     ^
configure:16002: $? = 1
configure: failed program was:
| /* confdefs.h */
| #define PACKAGE_NAME "librdam"
| #define PACKAGE_TARNAME "librdam"
| #define PACKAGE_VERSION "1.0"
| #define PACKAGE_STRING "librdam 1.0"
| #define PACKAGE_BUGREPORT "windybeing@sjtu.edu.cn"
| #define PACKAGE_URL ""
| #define PACKAGE "librdma"
| #define VERSION "1.0"
| #define STDC_HEADERS 1
| #define HAVE_SYS_TYPES_H 1
| #define HAVE_SYS_STAT_H 1
| #define HAVE_STDLIB_H 1
| #define HAVE_STRING_H 1
| #define HAVE_MEMORY_H 1
| #define HAVE_STRINGS_H 1
| #define HAVE_INTTYPES_H 1
| #define HAVE_STDINT_H 1
| #define HAVE_UNISTD_H 1
| #define HAVE_DLFCN_H 1
| #define LT_OBJDIR ".libs/"
| #define HAVE_LIBPTHREAD 1
| #define HAVE_MALLOC_H 1
| #define HAVE_STDDEF_H 1
| #define HAVE_STDINT_H 1
| #define HAVE_STDLIB_H 1
| #define HAVE_STRING_H 1
| #define HAVE_SYS_TIME_H 1
| #define HAVE_UNISTD_H 1
| #define HAVE__BOOL 1
| /* end confdefs.h.  */
| #include <stdio.h>
| #ifdef HAVE_SYS_TYPES_H
| # include <sys/types.h>
| #endif
| #ifdef HAVE_SYS_STAT_H
| # include <sys/stat.h>
| #endif
| #ifdef STDC_HEADERS
| # include <stdlib.h>
| # include <stddef.h>
| #else
| # ifdef HAVE_STDLIB_H
| #  include <stdlib.h>
| # endif
| #endif
| #ifdef HAVE_STRING_H
| # if !defined STDC_HEADERS && defined HAVE_MEMORY_H
| #  include <memory.h>
| # endif
| # include <string.h>
| #endif
| #ifdef HAVE_STRINGS_H
| # include <strings.h>
| #endif
| #ifdef HAVE_INTTYPES_H
| # include <inttypes.h>
| #endif
| #ifdef HAVE_STDINT_H
| # include <stdint.h>
| #endif
| #ifdef HAVE_UNISTD_H
| # include <unistd.h>
| #endif
| int
| main ()
| {
| if (sizeof ((size_t)))
| 	    return 0;
|   ;
|   return 0;
| }
configure:16002: result: yes
configure:16013: checking for uint16_t
configure:16013: gcc -c -g -O2  conftest.c >&5
configure:16013: $? = 0
configure:16013: result: yes
configure:16025: checking for uint32_t
configure:16025: gcc -c -g -O2  conftest.c >&5
configure:16025: $? = 0
configure:16025: result: yes
configure:16039: checking for uint64_t
configure:16039: gcc -c -g -O2  conftest.c >&5
configure:16039: $? = 0
configure:16039: result: yes
configure:16053: checking for uint8_t
configure:16053: gcc -c -g -O2  conftest.c >&5
configure:16053: $? = 0
configure:16053: result: yes
configure:16071: checking for stdlib.h
configure:16071: result: yes
configure:16081: checking for GNU libc compatible malloc
configure:16105: gcc -o conftest -g -O2   conftest.c -lpthread  >&5
configure:16105: $? = 0
configure:16105: ./conftest
configure:16105: $? = 0
configure:16115: result: yes
configure:16142: checking for stdlib.h
configure:16142: result: yes
configure:16142: checking for unistd.h
configure:16142: result: yes
configure:16142: checking for sys/param.h
configure:16142: gcc -c -g -O2  conftest.c >&5
configure:16142: $? = 0
configure:16142: result: yes
configure:16162: checking for getpagesize
configure:16162: gcc -o conftest -g -O2   conftest.c -lpthread  >&5
configure:16162: $? = 0
configure:16162: result: yes
configure:16171: checking for working mmap
configure:16318: gcc -o conftest -g -O2   conftest.c -lpthread  >&5
configure:16318: $? = 0
configure:16318: ./conftest
configure:16318: $? = 0
configure:16328: result: yes
configure:16339: checking for stdlib.h
configure:16339: result: yes
configure:16349: checking for GNU libc compatible realloc
configure:16373: gcc -o conftest -g -O2   conftest.c -lpthread  >&5
configure:16373: $? = 0
configure:16373: ./conftest
configure:16373: $? = 0
configure:16383: result: yes
configure:16407: checking for clock_gettime
configure:16407: gcc -o conftest -g -O2   conftest.c -lpthread  >&5
configure:16407: $? = 0
configure:16407: result: yes
configure:16407: checking for gettimeofday
configure:16407: gcc -o conftest -g -O2   conftest.c -lpthread  >&5
configure:16407: $? = 0
configure:16407: result: yes
configure:16407: checking for memset
configure:16407: gcc -o conftest -g -O2   conftest.c -lpthread  >&5
conftest.c:66:6: warning: conflicting types for built-in function 'memset' [enabled by default]
 char memset ();
      ^
configure:16407: $? = 0
configure:16407: result: yes
configure:16407: checking for munmap
configure:16407: gcc -o conftest -g -O2   conftest.c -lpthread  >&5
configure:16407: $? = 0
configure:16407: result: yes
configure:16407: checking for socket
configure:16407: gcc -o conftest -g -O2   conftest.c -lpthread  >&5
configure:16407: $? = 0
configure:16407: result: yes
configure:16407: checking for strerror
configure:16407: gcc -o conftest -g -O2   conftest.c -lpthread  >&5
configure:16407: $? = 0
configure:16407: result: yes
configure:16528: checking that generated files are newer than configure
configure:16534: result: done
configure:16561: creating ./config.status

## ---------------- ##
## Cache variables. ##
## ---------------- ##

ac_cv_build=x86_64-pc-linux-gnu
ac_cv_c_compiler_gnu=yes
ac_cv_c_inline=inline
ac_cv_c_uint16_t=yes
ac_cv_c_uint32_t=yes
ac_cv_c_uint64_t=yes
ac_cv_c_uint8_t=yes
ac_cv_cxx_compiler_gnu=yes
ac_cv_env_CCC_set=
ac_cv_env_CCC_value=
ac_cv_env_CC_set=
ac_cv_env_CC_value=
ac_cv_env_CFLAGS_set=
ac_cv_env_CFLAGS_value=
ac_cv_env_CPPFLAGS_set=
ac_cv_env_CPPFLAGS_value=
ac_cv_env_CPP_set=
ac_cv_env_CPP_value=
ac_cv_env_CXXCPP_set=
ac_cv_env_CXXCPP_value=
ac_cv_env_CXXFLAGS_set=
ac_cv_env_CXXFLAGS_value=
ac_cv_env_CXX_set=
ac_cv_env_CXX_value=
ac_cv_env_LDFLAGS_set=
ac_cv_env_LDFLAGS_value=
ac_cv_env_LIBS_set=
ac_cv_env_LIBS_value=
ac_cv_env_LT_SYS_LIBRARY_PATH_set=
ac_cv_env_LT_SYS_LIBRARY_PATH_value=
ac_cv_env_build_alias_set=
ac_cv_env_build_alias_value=
ac_cv_env_host_alias_set=
ac_cv_env_host_alias_value=
ac_cv_env_target_alias_set=
ac_cv_env_target_alias_value=
ac_cv_func_clock_gettime=yes
ac_cv_func_getpagesize=yes
ac_cv_func_gettimeofday=yes
ac_cv_func_malloc_0_nonnull=yes
ac_cv_func_memset=yes
ac_cv_func_mmap_fixed_mapped=yes
ac_cv_func_munmap=yes
ac_cv_func_realloc_0_nonnull=yes
ac_cv_func_socket=yes
ac_cv_func_strerror=yes
ac_cv_header_dlfcn_h=yes
ac_cv_header_inttypes_h=yes
ac_cv_header_malloc_h=yes
ac_cv_header_memory_h=yes
ac_cv_header_stdbool_h=yes
ac_cv_header_stdc=yes
ac_cv_header_stddef_h=yes
ac_cv_header_stdint_h=yes
ac_cv_header_stdlib_h=yes
ac_cv_header_string_h=yes
ac_cv_header_strings_h=yes
ac_cv_header_sys_param_h=yes
ac_cv_header_sys_stat_h=yes
ac_cv_header_sys_time_h=yes
ac_cv_header_sys_types_h=yes
ac_cv_header_unistd_h=yes
ac_cv_host=x86_64-pc-linux-gnu
ac_cv_lib_pthread_main=yes
ac_cv_objext=o
ac_cv_path_EGREP='/usr/bin/grep -E'
ac_cv_path_FGREP='/usr/bin/grep -F'
ac_cv_path_GREP=/usr/bin/grep
ac_cv_path_SED=/usr/bin/sed
ac_cv_path_install='/usr/bin/install -c'
ac_cv_path_lt_DD=/usr/bin/dd
ac_cv_path_mkdir=/usr/bin/mkdir
ac_cv_prog_AWK=gawk
ac_cv_prog_CPP='gcc -E'
ac_cv_prog_CXXCPP='g++ -E'
ac_cv_prog_ac_ct_AR=ar
ac_cv_prog_ac_ct_CC=gcc
ac_cv_prog_ac_ct_CXX=g++
ac_cv_prog_ac_ct_OBJDUMP=objdump
ac_cv_prog_ac_ct_RANLIB=ranlib
ac_cv_prog_ac_ct_STRIP=strip
ac_cv_prog_cc_c89=
ac_cv_prog_cc_g=yes
ac_cv_prog_cxx_g=yes
ac_cv_prog_make_make_set=yes
ac_cv_type__Bool=yes
ac_cv_type_size_t=yes
am_cv_CC_dependencies_compiler_type=gcc3
am_cv_CXX_dependencies_compiler_type=gcc3
am_cv_make_support_nested_variables=yes
lt_cv_ar_at_file=@
lt_cv_archive_cmds_need_lc=no
lt_cv_deplibs_check_method=pass_all
lt_cv_file_magic_cmd='$MAGIC_CMD'
lt_cv_file_magic_test_file=
lt_cv_ld_reload_flag=-r
lt_cv_nm_interface='BSD nm'
lt_cv_objdir=.libs
lt_cv_path_LD=/usr/bin/ld
lt_cv_path_LDCXX='/usr/bin/ld -m elf_x86_64'
lt_cv_path_NM='/usr/bin/nm -B'
lt_cv_path_mainfest_tool=no
lt_cv_prog_compiler_c_o=yes
lt_cv_prog_compiler_c_o_CXX=yes
lt_cv_prog_compiler_pic='-fPIC -DPIC'
lt_cv_prog_compiler_pic_CXX='-fPIC -DPIC'
lt_cv_prog_compiler_pic_works=yes
lt_cv_prog_compiler_pic_works_CXX=yes
lt_cv_prog_compiler_rtti_exceptions=no
lt_cv_prog_compiler_static_works=yes
lt_cv_prog_compiler_static_works_CXX=yes
lt_cv_prog_gnu_ld=yes
lt_cv_prog_gnu_ldcxx=yes
lt_cv_sharedlib_from_linklib_cmd='printf %s\n'
lt_cv_shlibpath_overrides_runpath=no
lt_cv_sys_global_symbol_pipe='sed -n -e '\''s/^.*[	 ]\([ABCDGIRSTW][ABCDGIRSTW]*\)[	 ][	 ]*\([_A-Za-z][_A-Za-z0-9]*\)$/\1 \2 \2/p'\'' | sed '\''/ __gnu_lto/d'\'''
lt_cv_sys_global_symbol_to_c_name_address='sed -n -e '\''s/^: \(.*\) .*$/  {"\1", (void *) 0},/p'\'' -e '\''s/^[ABCDGIRSTW][ABCDGIRSTW]* .* \(.*\)$/  {"\1", (void *) \&\1},/p'\'''
lt_cv_sys_global_symbol_to_c_name_address_lib_prefix='sed -n -e '\''s/^: \(.*\) .*$/  {"\1", (void *) 0},/p'\'' -e '\''s/^[ABCDGIRSTW][ABCDGIRSTW]* .* \(lib.*\)$/  {"\1", (void *) \&\1},/p'\'' -e '\''s/^[ABCDGIRSTW][ABCDGIRSTW]* .* \(.*\)$/  {"lib\1", (void *) \&\1},/p'\'''
lt_cv_sys_global_symbol_to_cdecl='sed -n -e '\''s/^T .* \(.*\)$/extern int \1();/p'\'' -e '\''s/^[ABCDGIRSTW][ABCDGIRSTW]* .* \(.*\)$/extern char \1;/p'\'''
lt_cv_sys_global_symbol_to_import=
lt_cv_sys_max_cmd_len=1572864
lt_cv_to_host_file_cmd=func_convert_file_noop
lt_cv_to_tool_file_cmd=func_convert_file_noop
lt_cv_truncate_bin='/usr/bin/dd bs=4096 count=1'

## ----------------- ##
## Output variables. ##
## ----------------- ##

ACLOCAL='${SHELL} /home/chao/git_repos/deneva/deps/librdma-0.9.0/missing aclocal-1.13'
AMDEPBACKSLASH='\'
AMDEP_FALSE='#'
AMDEP_TRUE=''
AMTAR='$${TAR-tar}'
AM_BACKSLASH='\'
AM_DEFAULT_V='$(AM_DEFAULT_VERBOSITY)'
AM_DEFAULT_VERBOSITY='1'
AM_V='$(V)'
AR='ar'
AUTOCONF='${SHELL} /home/chao/git_repos/deneva/deps/librdma-0.9.0/missing autoconf'
AUTOHEADER='${SHELL} /home/chao/git_repos/deneva/deps/librdma-0.9.0/missing autoheader'
AUTOMAKE='${SHELL} /home/chao/git_repos/deneva/deps/librdma-0.9.0/missing automake-1.13'
AWK='gawk'
CC='gcc'
CCDEPMODE='depmode=gcc3'
CFLAGS='-g -O2'
CPP='gcc -E'
CPPFLAGS=''
CXX='g++'
CXXCPP='g++ -E'
CXXDEPMODE='depmode=gcc3'
CXXFLAGS='-g -O2'
CYGPATH_W='echo'
DEFS='-DHAVE_CONFIG_H'
DEPDIR='.deps'
DLLTOOL='false'
DSYMUTIL=''
DUMPBIN=''
ECHO_C=''
ECHO_N='-n'
ECHO_T=''
EGREP='/usr/bin/grep -E'
EXEEXT=''
FGREP='/usr/bin/grep -F'
GREP='/usr/bin/grep'
INSTALL_DATA='${INSTALL} -m 644'
INSTALL_PROGRAM='${INSTALL}'
INSTALL_SCRIPT='${INSTALL}'
INSTALL_STRIP_PROGRAM='$(install_sh) -c -s'
LD='/usr/bin/ld -m elf_x86_64'
LDFLAGS=''
LIBOBJS=''
LIBS='-lpthread '
LIBTOOL='$(SHELL) $(top_builddir)/libtool'
LIPO=''
LN_S='ln -s'
LTLIBOBJS=''
LT_SYS_LIBRARY_PATH=''
MAKEINFO='${SHELL} /home/chao/git_repos/deneva/deps/librdma-0.9.0/missing makeinfo'
MANIFEST_TOOL=':'
MKDIR_P='/usr/bin/mkdir -p'
NM='/usr/bin/nm -B'
NMEDIT=''
OBJDUMP='objdump'
OBJEXT='o'
OTOOL64=''
OTOOL=''
PACKAGE='librdma'
PACKAGE_BUGREPORT='windybeing@sjtu.edu.cn'
PACKAGE_NAME='librdam'
PACKAGE_STRING='librdam 1.0'
PACKAGE_TARNAME='librdam'
PACKAGE_URL=''
PACKAGE_VERSION='1.0'
PATH_SEPARATOR=':'
RANLIB='ranlib'
SED='/usr/bin/sed'
SET_MAKE=''
SHELL='/bin/sh'
STRIP='strip'
VERSION='1.0'
ac_ct_AR='ar'
ac_ct_CC='gcc'
ac_ct_CXX='g++'
ac_ct_DUMPBIN=''
am__EXEEXT_FALSE=''
am__EXEEXT_TRUE='#'
am__fastdepCC_FALSE='#'
am__fastdepCC_TRUE=''
am__fastdepCXX_FALSE='#'
am__fastdepCXX_TRUE=''
am__include='include'
am__isrc=''
am__leading_dot='.'
am__nodep='_no'
am__quote=''
am__tar='$${TAR-tar} chof - "$$tardir"'
am__untar='$${TAR-tar} xf -'
bindir='${exec_prefix}/bin'
build='x86_64-pc-linux-gnu'
build_alias=''
build_cpu='x86_64'
build_os='linux-gnu'
build_vendor='pc'
datadir='${datarootdir}'
datarootdir='${prefix}/share'
docdir='${datarootdir}/doc/${PACKAGE_TARNAME}'
dvidir='${docdir}'
exec_prefix='${prefix}'
host='x86_64-pc-linux-gnu'
host_alias=''
host_cpu='x86_64'
host_os='linux-gnu'
host_vendor='pc'
htmldir='${docdir}'
includedir='${prefix}/include'
infodir='${datarootdir}/info'
install_sh='${SHELL} /home/chao/git_repos/deneva/deps/librdma-0.9.0/install-sh'
libdir='${exec_prefix}/lib'
libexecdir='${exec_prefix}/libexec'
localedir='${datarootdir}/locale'
localstatedir='${prefix}/var'
mandir='${datarootdir}/man'
mkdir_p='$(MKDIR_P)'
oldincludedir='/usr/include'
pdfdir='${docdir}'
prefix='/home/chao/git_repos/deneva//deps/librdma-0.9.0-install'
program_transform_name='s,x,x,'
psdir='${docdir}'
sbindir='${exec_prefix}/sbin'
sharedstatedir='${prefix}/com'
sysconfdir='${prefix}/etc'
target_alias=''

## ----------- ##
## confdefs.h. ##
## ----------- ##

/* confdefs.h */
#define PACKAGE_NAME "librdam"
#define PACKAGE_TARNAME "librdam"
#define PACKAGE_VERSION "1.0"
#define PACKAGE_STRING "librdam 1.0"
#define PACKAGE_BUGREPORT "windybeing@sjtu.edu.cn"
#define PACKAGE_URL ""
#define PACKAGE "librdma"
#define VERSION "1.0"
#define STDC_HEADERS 1
#define HAVE_SYS_TYPES_H 1
#define HAVE_SYS_STAT_H 1
#define HAVE_STDLIB_H 1
#define HAVE_STRING_H 1
#define HAVE_MEMORY_H 1
#define HAVE_STRINGS_H 1
#define HAVE_INTTYPES_H 1
#define HAVE_STDINT_H 1
#define HAVE_UNISTD_H 1
#define HAVE_DLFCN_H 1
#define LT_OBJDIR ".libs/"
#define HAVE_LIBPTHREAD 1
#define HAVE_MALLOC_H 1
#define HAVE_STDDEF_H 1
#define HAVE_STDINT_H 1
#define HAVE_STDLIB_H 1
#define HAVE_STRING_H 1
#define HAVE_SYS_TIME_H 1
#define HAVE_UNISTD_H 1
#define HAVE__BOOL 1
#define HAVE_STDLIB_H 1
#define HAVE_MALLOC 1
#define HAVE_STDLIB_H 1
#define HAVE_UNISTD_H 1
#define HAVE_SYS_PARAM_H 1
#define HAVE_GETPAGESIZE 1
#define HAVE_MMAP 1
#define HAVE_STDLIB_H 1
#define HAVE_REALLOC 1
#define HAVE_CLOCK_GETTIME 1
#define HAVE_GETTIMEOFDAY 1
#define HAVE_MEMSET 1
#define HAVE_MUNMAP 1
#define HAVE_SOCKET 1
#define HAVE_STRERROR 1

configure: exit 0

## ---------------------- ##
## Running config.status. ##
## ---------------------- ##

This file was extended by librdam config.status 1.0, which was
generated by GNU Autoconf 2.69.  Invocation command line was

  CONFIG_FILES    = 
  CONFIG_HEADERS  = 
  CONFIG_LINKS    = 
  CONFIG_COMMANDS = 
  $ ./config.status 

on seele

config.status:1171: creating Makefile
config.status:1171: creating src/Makefile
config.status:1171: creating config.h
config.status:1352: config.h is unchanged
config.status:1400: executing depfiles commands
config.status:1400: executing libtool commands

## ---------------------- ##
## Running config.status. ##
## ---------------------- ##

This file was extended by librdam config.status 1.0, which was
generated by GNU Autoconf 2.69.  Invocation command line was

  CONFIG_FILES    = 
  CONFIG_HEADERS  = 
  CONFIG_LINKS    = 
  CONFIG_COMMANDS = 
  $ ./config.status config.h

on seele

config.status:1171: creating config.h
config.status:1352: config.h is unchanged
